2026-06-30 11:04:54,573 | INFO | Indexing started
2026-06-30 11:04:55,683 | INFO | Found 2 images to index.
2026-06-30 11:04:55,683 | INFO | Processing batch 0 - 2
2026-06-30 11:04:59,555 | INFO | Checkpoint saved
2026-06-30 11:04:59,574 | INFO | Indexing completed
2026-06-30 11:05:39,320 | INFO | Indexing started
2026-06-30 11:08:09,607 | INFO | Indexing started
2026-06-30 11:08:55,707 | INFO | Indexing started
2026-06-30 11:08:55,838 | INFO | Found 2 images to index.
2026-06-30 11:08:55,838 | INFO | Processing batch 0 - 2
2026-06-30 11:08:59,118 | INFO | Checkpoint saved
2026-06-30 11:08:59,135 | INFO | Indexing completed
2026-06-30 11:15:04,513 | INFO | Indexing started
2026-06-30 11:15:04,780 | INFO | Found 1 images to index.
2026-06-30 11:15:04,780 | INFO | Processing batch 0 - 1
2026-06-30 11:15:04,980 | INFO | Indexing completed
2026-06-30 11:18:36,880 | INFO | Indexing started
2026-06-30 11:18:37,010 | INFO | Found 1 images to index.
2026-06-30 11:18:37,010 | INFO | Processing batch 0 - 1
2026-06-30 11:18:40,555 | INFO | Checkpoint saved
2026-06-30 11:18:40,569 | INFO | Indexing completed
