2026-06-30 11:09:52,584 | INFO | Query="beach wear" Page=1 Limit=12
2026-06-30 11:09:53,384 | INFO | Query completed. Results=12
2026-06-30 11:10:00,373 | INFO | Query="headphone" Page=1 Limit=12
2026-06-30 11:10:00,466 | INFO | Query completed. Results=12
2026-06-30 11:10:03,823 | INFO | Query="headphones" Page=1 Limit=12
2026-06-30 11:10:03,870 | INFO | Query completed. Results=12
2026-06-30 11:10:08,818 | INFO | Query="blue shirt" Page=1 Limit=12
2026-06-30 11:10:08,914 | INFO | Query completed. Results=12
2026-06-30 11:12:08,313 | INFO | Query="blue shirt" Page=1 Limit=12
2026-06-30 11:12:09,058 | INFO | Query completed. Results=12
2026-06-30 11:12:16,448 | INFO | Query="headphones" Page=1 Limit=12
2026-06-30 11:12:16,541 | INFO | Query completed. Results=12
2026-06-30 11:17:42,345 | INFO | Query="headphones" Page=1 Limit=12
2026-06-30 11:17:43,363 | INFO | Query completed. Results=12
2026-06-30 11:17:47,454 | INFO | Query="iphone" Page=1 Limit=12
2026-06-30 11:17:47,526 | INFO | Query completed. Results=0
2026-06-30 11:19:02,767 | INFO | Query="iphone" Page=1 Limit=12
2026-06-30 11:19:03,446 | INFO | Query completed. Results=12
2026-06-30 11:19:06,146 | INFO | Query="iphone" Page=1 Limit=12
2026-06-30 11:19:06,181 | INFO | Query completed. Results=12
2026-06-30 11:19:08,121 | INFO | Query="iphone" Page=1 Limit=12
2026-06-30 11:19:08,180 | INFO | Query completed. Results=12
2026-06-30 11:19:11,163 | INFO | Query="iphones" Page=1 Limit=12
2026-06-30 11:19:11,211 | INFO | Query completed. Results=12
2026-06-30 11:19:18,404 | INFO | Query="mobile" Page=1 Limit=12
2026-06-30 11:19:18,451 | INFO | Query completed. Results=12
2026-06-30 11:19:22,805 | INFO | Query="iphone" Page=1 Limit=12
2026-06-30 11:19:22,863 | INFO | Query completed. Results=12
2026-06-30 11:19:25,614 | INFO | Query="apple" Page=1 Limit=12
2026-06-30 11:19:25,681 | INFO | Query completed. Results=4
